# packages in environment at /mnt/home/teresisc/anaconda3/envs/EDTA:
#
# Name                    Version                   Build  Channel
_libgcc_mutex             0.1                 conda_forge    conda-forge
_openmp_mutex             4.5                       1_gnu    conda-forge
absl-py                   0.11.0           py36h5fab9bb_0    conda-forge
alsa-lib                  1.2.3                h516909a_0    conda-forge
astor                     0.8.1              pyh9f0ad1d_0    conda-forge
biopython                 1.78             py36h1d69622_1    conda-forge
blast                     2.10.1          pl526he19e7b1_3    bioconda
bzip2                     1.0.8                h7f98852_4    conda-forge
c-ares                    1.17.1               h36c2ea0_0    conda-forge
ca-certificates           2020.12.5            ha878542_0    conda-forge
cairo                     1.16.0            h7979940_1007    conda-forge
cd-hit                    4.8.1                hdbcaa40_0    bioconda
certifi                   2020.12.5        py36h5fab9bb_1    conda-forge
coreutils                 8.25                          1    bioconda
curl                      7.71.1               he644dc0_8    conda-forge
dill                      0.3.3              pyhd8ed1ab_0    conda-forge
drmaa                     0.7.9                   py_1000    conda-forge
edta                      1.9.5                         0    bioconda
entrez-direct             13.9            pl526h375a9b1_0    bioconda
expat                     2.2.9                he1b5a44_2    conda-forge
fontconfig                2.13.1            h736d332_1003    conda-forge
freetype                  2.10.4               h7ca028e_0    conda-forge
fribidi                   1.0.10               h36c2ea0_0    conda-forge
gast                      0.4.0              pyh9f0ad1d_0    conda-forge
genericrepeatfinder       1.0                  hc9558a2_0    bioconda
genometools-genometools   1.6.1            py36h30d060d_2    bioconda
gettext                   0.19.8.1          h0b5b191_1005    conda-forge
giflib                    5.2.1                h36c2ea0_2    conda-forge
glob2                     0.4.1                    py36_0    bioconda
gmp                       6.1.2             hf484d3e_1000    conda-forge
gnutls                    3.5.19               h2a4e5f8_1    conda-forge
google-pasta              0.2.0              pyh8c360ce_0    conda-forge
graphite2                 1.3.13            h58526e2_1001    conda-forge
grpcio                    1.34.0           py36h8e87921_1    conda-forge
h5py                      2.10.0          nompi_py36ha233d17_105    conda-forge
harfbuzz                  2.7.4                h5cf4720_0    conda-forge
hdf5                      1.10.6          nompi_h6a2412b_1114    conda-forge
hmmer                     3.3.1                he1b5a44_0    bioconda
icu                       68.1                 h58526e2_0    conda-forge
importlib-metadata        3.4.0            py36h5fab9bb_0    conda-forge
joblib                    1.0.0              pyhd8ed1ab_0    conda-forge
jpeg                      9d                   h36c2ea0_0    conda-forge
keras                     2.3.1                    py36_0    conda-forge
keras-applications        1.0.8                      py_1  
keras-preprocessing       1.1.0                      py_0  
krb5                      1.17.2               h926e7f8_0    conda-forge
lcms2                     2.11                 hcbb858e_1    conda-forge
ld_impl_linux-64          2.35.1               hea4e1c9_1    conda-forge
libblas                   3.9.0                7_openblas    conda-forge
libcblas                  3.9.0                7_openblas    conda-forge
libcurl                   7.71.1               hcdd3856_8    conda-forge
libedit                   3.1.20191231         he28a2e2_2    conda-forge
libev                     4.33                 h516909a_1    conda-forge
libffi                    3.3                  h58526e2_2    conda-forge
libgcc                    7.2.0                h69d50b8_2  
libgcc-ng                 9.3.0               h5dbcf3e_17    conda-forge
libgd                     2.3.0                h47910db_1    conda-forge
libgfortran-ng            9.3.0               he4bcb1c_17    conda-forge
libgfortran5              9.3.0               he4bcb1c_17    conda-forge
libglib                   2.66.4               h164308a_1    conda-forge
libgomp                   9.3.0               h5dbcf3e_17    conda-forge
libgpuarray               0.7.6             h14c3975_1003    conda-forge
libiconv                  1.16                 h516909a_0    conda-forge
liblapack                 3.9.0                7_openblas    conda-forge
libnghttp2                1.41.0               h8cfc5f6_2    conda-forge
libopenblas               0.3.12          pthreads_h4812303_1    conda-forge
libpng                    1.6.37               h21135ba_2    conda-forge
libprotobuf               3.14.0               h780b84a_0    conda-forge
libssh2                   1.9.0                hab1572f_5    conda-forge
libstdcxx-ng              9.3.0               h2ae2ef3_17    conda-forge
libtiff                   4.2.0                hdc55705_0    conda-forge
libuuid                   2.32.1            h7f98852_1000    conda-forge
libwebp                   1.1.0                h76fa15c_4    conda-forge
libwebp-base              1.1.0                h36c2ea0_3    conda-forge
libxcb                    1.13              h7f98852_1003    conda-forge
libxml2                   2.9.10               h72842e0_3    conda-forge
ltr_finder                1.07                 hc9558a2_0    bioconda
ltr_retriever             2.9.0                         0    bioconda
lz4-c                     1.9.3                h9c3ff4c_0    conda-forge
mafft                     7.475                h516909a_0    bioconda
mako                      1.1.3              pyh9f0ad1d_0    conda-forge
markdown                  3.3.3              pyh9f0ad1d_0    conda-forge
markupsafe                1.1.1            py36h8f6f2f9_3    conda-forge
mdust                     2006.10.17           h516909a_2    bioconda
multiprocess              0.70.11.1        py36h8f6f2f9_1    conda-forge
muscle                    3.8.1551             hc9558a2_5    bioconda
ncurses                   6.2                  h58526e2_4    conda-forge
nettle                    3.3                           0    conda-forge
nseg                      1.0.1                h516909a_0    bioconda
numpy                     1.19.5           py36h2aa4a07_1    conda-forge
openjdk                   11.0.8               hacce0ff_0    conda-forge
openssl                   1.1.1i               h7f98852_0    conda-forge
pandas                    1.1.5            py36h284efc9_0    conda-forge
pango                     1.42.4               h69149e4_5    conda-forge
pcre                      8.44                 he1b5a44_0    conda-forge
perl                      5.26.2            h36c2ea0_1008    conda-forge
perl-app-cpanminus        1.7044                  pl526_1    bioconda
perl-archive-tar          2.32                    pl526_0    bioconda
perl-base                 2.23                    pl526_1    bioconda
perl-business-isbn        3.004                   pl526_0    bioconda
perl-business-isbn-data   20140910.003            pl526_0    bioconda
perl-carp                 1.38                    pl526_3    bioconda
perl-common-sense         3.74                    pl526_2    bioconda
perl-compress-raw-bzip2   2.087           pl526he1b5a44_0    bioconda
perl-compress-raw-zlib    2.087           pl526hc9558a2_0    bioconda
perl-constant             1.33                    pl526_1    bioconda
perl-data-dumper          2.173                   pl526_0    bioconda
perl-digest-hmac          1.03                    pl526_3    bioconda
perl-digest-md5           2.55                    pl526_0    bioconda
perl-encode               2.88                    pl526_1    bioconda
perl-encode-locale        1.05                    pl526_6    bioconda
perl-exporter             5.72                    pl526_1    bioconda
perl-exporter-tiny        1.002001                pl526_0    bioconda
perl-extutils-makemaker   7.36                    pl526_1    bioconda
perl-file-listing         6.04                    pl526_1    bioconda
perl-file-path            2.16                    pl526_0    bioconda
perl-file-temp            0.2304                  pl526_2    bioconda
perl-file-which           1.23                    pl526_0    bioconda
perl-gd                   2.68            pl526he941832_0    bioconda
perl-html-parser          3.72            pl526h6bb024c_5    bioconda
perl-html-tagset          3.20                    pl526_3    bioconda
perl-html-tree            5.07                    pl526_1    bioconda
perl-http-cookies         6.04                    pl526_0    bioconda
perl-http-daemon          6.01                    pl526_1    bioconda
perl-http-date            6.02                    pl526_3    bioconda
perl-http-message         6.18                    pl526_0    bioconda
perl-http-negotiate       6.01                    pl526_3    bioconda
perl-io-compress          2.087           pl526he1b5a44_0    bioconda
perl-io-html              1.001                   pl526_2    bioconda
perl-io-socket-ssl        2.066                   pl526_0    bioconda
perl-io-zlib              1.10                    pl526_2    bioconda
perl-json                 4.02                    pl526_0    bioconda
perl-json-xs              2.34            pl526h6bb024c_3    bioconda
perl-libwww-perl          6.39                    pl526_0    bioconda
perl-list-moreutils       0.428                   pl526_1    bioconda
perl-list-moreutils-xs    0.428                   pl526_0    bioconda
perl-lwp-mediatypes       6.04                    pl526_0    bioconda
perl-lwp-protocol-https   6.07                    pl526_4    bioconda
perl-mime-base64          3.15                    pl526_1    bioconda
perl-mozilla-ca           20180117                pl526_1    bioconda
perl-net-http             6.19                    pl526_0    bioconda
perl-net-ssleay           1.88            pl526h90d6eec_0    bioconda
perl-ntlm                 1.09                    pl526_4    bioconda
perl-parent               0.236                   pl526_1    bioconda
perl-pathtools            3.75            pl526h14c3975_1    bioconda
perl-scalar-list-utils    1.52            pl526h516909a_0    bioconda
perl-socket               2.027                   pl526_1    bioconda
perl-storable             3.15            pl526h14c3975_0    bioconda
perl-test-requiresinternet 0.05                    pl526_0    bioconda
perl-text-soundex         3.05                 pl526_1000    conda-forge
perl-time-local           1.28                    pl526_1    bioconda
perl-try-tiny             0.30                    pl526_1    bioconda
perl-types-serialiser     1.0                     pl526_2    bioconda
perl-uri                  1.76                    pl526_0    bioconda
perl-www-robotrules       6.02                    pl526_3    bioconda
perl-xml-namespacesupport 1.12                    pl526_0    bioconda
perl-xml-parser           2.44            pl526h4e0c4b3_7    bioconda
perl-xml-sax              1.02                    pl526_0    bioconda
perl-xml-sax-base         1.09                    pl526_0    bioconda
perl-xml-sax-expat        0.51                    pl526_3    bioconda
perl-xml-simple           2.25                    pl526_1    bioconda
perl-xsloader             0.24                    pl526_0    bioconda
pip                       20.3.3             pyhd8ed1ab_0    conda-forge
pixman                    0.40.0               h36c2ea0_0    conda-forge
pp                        1.6.4.4                    py_0    bioconda
protobuf                  3.14.0           py36hc4f0c31_1    conda-forge
pthread-stubs             0.4               h36c2ea0_1001    conda-forge
pygpu                     0.7.6           py36h68bb277_1002    conda-forge
python                    3.6.12          hffdb5ce_0_cpython    conda-forge
python-dateutil           2.8.1                      py_0  
python_abi                3.6                     1_cp36m    conda-forge
pytz                      2020.5             pyhd8ed1ab_0    conda-forge
pyyaml                    5.3.1            py36h8f6f2f9_2    conda-forge
readline                  8.0                  he28a2e2_2    conda-forge
recon                     1.08                 h516909a_2    bioconda
regex                     2016.06.24               py36_1    bioconda
repeatmasker              4.1.1                   pl526_1    bioconda
repeatmodeler             2.0.1                   pl526_0    bioconda
repeatscout               1.0.6                h516909a_1    bioconda
rmblast                   2.10.0               h2d02072_0    bioconda
scikit-learn              0.24.0           py36he4fde30_0    conda-forge
scipy                     1.5.3            py36h9e8f40b_0    conda-forge
setuptools                49.6.0           py36h5fab9bb_3    conda-forge
six                       1.15.0             pyh9f0ad1d_0    conda-forge
sqlite                    3.34.0               h74cdb3f_0    conda-forge
tensorboard               1.14.0                   py36_0    conda-forge
tensorflow                1.14.0               hc3e5e64_0    conda-forge
tensorflow-base           1.14.0           py36hc3e5e64_0    conda-forge
tensorflow-estimator      1.14.0           py36h5ca1d4c_0    conda-forge
termcolor                 1.1.0                      py_2    conda-forge
tesorter                  1.3.0                      py_0    bioconda
theano                    1.0.3            py36hfc679d8_1    conda-forge
threadpoolctl             2.1.0              pyh5ca1d4c_0  
tk                        8.6.10               h21135ba_1    conda-forge
toolchain                 2.4.0                         0  
toolchain_c_linux-64      2.4.0                         0  
toolchain_cxx_linux-64    2.4.0                         0  
trf                       4.09.1               h516909a_0    bioconda
typing_extensions         3.7.4.3                    py_0  
werkzeug                  1.0.1              pyh9f0ad1d_0    conda-forge
wheel                     0.36.2             pyhd3deb0d_0    conda-forge
wrapt                     1.12.1           py36h8f6f2f9_3    conda-forge
xorg-fixesproto           5.0               h14c3975_1002    conda-forge
xorg-inputproto           2.3.2             h7f98852_1002    conda-forge
xorg-kbproto              1.0.7             h7f98852_1002    conda-forge
xorg-libice               1.0.10               h516909a_0    conda-forge
xorg-libsm                1.2.3             h84519dc_1000    conda-forge
xorg-libx11               1.6.12               h516909a_0    conda-forge
xorg-libxau               1.0.9                h7f98852_0    conda-forge
xorg-libxdmcp             1.1.3                h7f98852_0    conda-forge
xorg-libxext              1.3.4                h516909a_0    conda-forge
xorg-libxfixes            5.0.3             h516909a_1004    conda-forge
xorg-libxi                1.7.10               h516909a_0    conda-forge
xorg-libxrender           0.9.10            h516909a_1002    conda-forge
xorg-libxtst              1.2.3             h516909a_1002    conda-forge
xorg-recordproto          1.14.2            h516909a_1002    conda-forge
xorg-renderproto          0.11.1            h14c3975_1002    conda-forge
xorg-xextproto            7.3.0             h7f98852_1002    conda-forge
xorg-xproto               7.0.31            h7f98852_1007    conda-forge
xz                        5.2.5                h516909a_1    conda-forge
yaml                      0.2.5                h516909a_0    conda-forge
zipp                      3.4.0                      py_0    conda-forge
zlib                      1.2.11            h516909a_1010    conda-forge
zstd                      1.4.8                ha95c52a_1    conda-forge
