
########################################################
##### Extensive de-novo TE Annotator (EDTA) v1.9.7  ####
##### Shujun Ou (shujun.ou.1@gmail.com)             ####
########################################################



Tue Mar 30 17:27:52 EDT 2021	Dependency checking:
				All passed!

	A CDS file /mnt/research/edgerpat_lab/Scotty/W85_TE_Annotation/data/vcae1.4.cds.fa is provided via --cds. Please make sure this is the DNA sequence of coding regions only.

Tue Mar 30 17:28:36 EDT 2021	Obtain raw TE libraries using various structure-based programs: 
Tue Mar 30 17:28:36 EDT 2021	EDTA_raw: Check dependencies, prepare working directories.

Tue Mar 30 17:28:49 EDT 2021	Start to find LTR candidates.

Tue Mar 30 17:28:49 EDT 2021	Identify LTR retrotransposon candidates from scratch.

Tue Mar 30 19:07:34 EDT 2021	Finish finding LTR candidates.

Tue Mar 30 19:07:34 EDT 2021	Start to find TIR candidates.

Tue Mar 30 19:07:34 EDT 2021	Identify TIR candidates from scratch.

Species: others
Wed Mar 31 08:36:56 EDT 2021	Finish finding TIR candidates.

Wed Mar 31 08:36:56 EDT 2021	Start to find Helitron candidates.

Wed Mar 31 08:36:56 EDT 2021	Identify Helitron candidates from scratch.

Wed Mar 31 16:56:28 EDT 2021	Finish finding Helitron candidates.

Wed Mar 31 16:56:28 EDT 2021	Execution of EDTA_raw.pl is finished!

Wed Mar 31 16:56:30 EDT 2021	Obtain raw TE libraries finished.
				All intact TEs found by EDTA: 
					Vce1.0.fasta.mod.EDTA.intact.fa
					Vce1.0.fasta.mod.EDTA.intact.gff3

Wed Mar 31 16:56:30 EDT 2021	Perform EDTA advance filtering for raw TE candidates and generate the stage 1 library: 

Wed Mar 31 18:16:39 EDT 2021	EDTA advance filtering finished.

Wed Mar 31 18:16:39 EDT 2021	Perform EDTA final steps to generate a non-redundant comprehensive TE library:

				Use RepeatModeler to identify any remaining TEs that are missed by structure-based methods.

2021-04-03 11:58:08,004 -WARNING- Grid computing is not available because DRMAA not configured properly: Could not find drmaa library.  Please specify its full path using the environment variable DRMAA_LIBRARY_PATH
2021-04-03 11:58:08,126 -INFO- VARS: {'sequence': 'Vce1.0.fasta.mod.RM.consensi.fa', 'hmm_database': 'rexdb', 'seq_type': 'nucl', 'prefix': 'Vce1.0.fasta.mod.RM.consensi.fa.rexdb', 'force_write_hmmscan': False, 'processors': 20, 'tmp_dir': './tmp', 'min_coverage': 20, 'max_evalue': 0.001, 'disable_pass2': False, 'pass2_rule': '80-80-80', 'no_library': False, 'no_reverse': False, 'no_cleanup': False, 'p2_identity': 80.0, 'p2_coverage': 80.0, 'p2_length': 80.0}
2021-04-03 11:58:08,126 -INFO- checking dependencies:
2021-04-03 11:58:08,203 -INFO- hmmer	3.3.1	OK
2021-04-03 11:58:08,269 -INFO- blastn	2.10.0+	OK
2021-04-03 11:58:08,274 -INFO- check database rexdb
2021-04-03 11:58:08,274 -INFO- db path: /mnt/ufs18/home-115/teresisc/anaconda3/envs/EDTA/lib/python3.6/site-packages/TEsorter/database
2021-04-03 11:58:08,274 -INFO- db file: REXdb_protein_database_viridiplantae_v3.0_plus_metazoa_v3.hmm
2021-04-03 11:58:08,275 -INFO- REXdb_protein_database_viridiplantae_v3.0_plus_metazoa_v3.hmm	OK
2021-04-03 11:58:08,275 -INFO- Start classifying pipeline
2021-04-03 11:58:08,524 -INFO- total 2112 sequences
2021-04-03 11:58:08,524 -INFO- translating `Vce1.0.fasta.mod.RM.consensi.fa` in six frames
/mnt/home/teresisc/anaconda3/envs/EDTA/lib/python3.6/site-packages/Bio/Seq.py:2338: BiopythonWarning: Partial codon, len(sequence) not a multiple of three. Explicitly trim the sequence or add trailing N before translation. This may become an error in future.
  BiopythonWarning,
2021-04-03 11:58:12,225 -INFO- HMM scanning against `/mnt/ufs18/home-115/teresisc/anaconda3/envs/EDTA/lib/python3.6/site-packages/TEsorter/database/REXdb_protein_database_viridiplantae_v3.0_plus_metazoa_v3.hmm`
2021-04-03 11:58:12,357 -INFO- Creating server instance (pp-1.6.4.4)
2021-04-03 11:58:12,357 -INFO- Running on Python 3.6.12 linux
2021-04-03 11:58:13,690 -INFO- pp local server started with 20 workers
2021-04-03 11:58:13,787 -INFO- Task 0 started
2021-04-03 11:58:13,788 -INFO- Task 1 started
2021-04-03 11:58:13,788 -INFO- Task 2 started
2021-04-03 11:58:13,788 -INFO- Task 3 started
2021-04-03 11:58:13,788 -INFO- Task 4 started
2021-04-03 11:58:13,789 -INFO- Task 5 started
2021-04-03 11:58:13,789 -INFO- Task 6 started
2021-04-03 11:58:13,789 -INFO- Task 7 started
2021-04-03 11:58:13,789 -INFO- Task 8 started
2021-04-03 11:58:13,790 -INFO- Task 9 started
2021-04-03 11:58:13,790 -INFO- Task 10 started
2021-04-03 11:58:13,790 -INFO- Task 11 started
2021-04-03 11:58:13,790 -INFO- Task 12 started
2021-04-03 11:58:13,790 -INFO- Task 13 started
2021-04-03 11:58:13,791 -INFO- Task 14 started
2021-04-03 11:58:13,791 -INFO- Task 15 started
2021-04-03 11:58:13,791 -INFO- Task 16 started
2021-04-03 11:58:13,791 -INFO- Task 17 started
2021-04-03 11:58:13,791 -INFO- Task 18 started
2021-04-03 11:58:13,792 -INFO- Task 19 started
2021-04-03 11:59:33,235 -INFO- generating gene anntations
2021-04-03 11:59:33,379 -INFO- 83 sequences classified by HMM
2021-04-03 11:59:33,380 -INFO- see protein domain sequences in `Vce1.0.fasta.mod.RM.consensi.fa.rexdb.dom.faa` and annotation gff3 file in `Vce1.0.fasta.mod.RM.consensi.fa.rexdb.dom.gff3`
2021-04-03 11:59:33,380 -INFO- classifying the unclassified sequences by searching against the classified ones
2021-04-03 11:59:33,460 -INFO- using the 80-80-80 rule
2021-04-03 11:59:33,460 -INFO- run CMD: `makeblastdb -in ./tmp/pass1_classified.fa -dbtype nucl`
2021-04-03 11:59:33,627 -INFO- run CMD: `blastn -query ./tmp/pass1_unclassified.fa -db ./tmp/pass1_classified.fa -out ./tmp/pass1_unclassified.fa.blastout -outfmt '6 qseqid sseqid pident length mismatch gapopen qstart qend sstart send evalue bitscore qlen slen qcovs qcovhsp sstrand' -num_threads 20`
2021-04-03 11:59:34,277 -INFO- 0 sequences classified in pass 2
2021-04-03 11:59:34,277 -INFO- total 83 sequences classified.
2021-04-03 11:59:34,277 -INFO- see classified sequences in `Vce1.0.fasta.mod.RM.consensi.fa.rexdb.cls.tsv`
2021-04-03 11:59:34,277 -INFO- writing library for RepeatMasker in `Vce1.0.fasta.mod.RM.consensi.fa.rexdb.cls.lib`
2021-04-03 11:59:34,338 -INFO- writing classified protein domains in `Vce1.0.fasta.mod.RM.consensi.fa.rexdb.cls.pep`
2021-04-03 11:59:34,341 -INFO- Summary of classifications:
Order           Superfamily      # of Sequences# of Clade Sequences    # of Clades# of full Domains
LTR             Copia                         4              4              3              0
LTR             Gypsy                         5              5              4              0
pararetrovirus  unknown                       2              0              0              0
LINE            unknown                      42              0              0              0
TIR             EnSpm_CACTA                   4              0              0              0
TIR             MuDR_Mutator                  6              0              0              0
TIR             PIF_Harbinger                 9              0              0              0
TIR             hAT                           6              0              0              0
Helitron        unknown                       2              0              0              0
Maverick        unknown                       2              0              0              0
mixture         mixture                       1              0              0              0
2021-04-03 11:59:34,342 -INFO- Pipeline done.
2021-04-03 11:59:34,342 -INFO- cleaning the temporary directory ./tmp
Sat Apr  3 12:20:14 EDT 2021	Clean up TE-related sequences in the CDS file with TEsorter:

2021-04-03 12:20:17,926 -WARNING- Grid computing is not available because DRMAA not configured properly: Could not find drmaa library.  Please specify its full path using the environment variable DRMAA_LIBRARY_PATH
2021-04-03 12:20:17,931 -INFO- VARS: {'sequence': 'vcae1.4.cds.fa.code', 'hmm_database': 'rexdb', 'seq_type': 'nucl', 'prefix': 'vcae1.4.cds.fa.code.rexdb', 'force_write_hmmscan': False, 'processors': 20, 'tmp_dir': './tmp', 'min_coverage': 20, 'max_evalue': 0.001, 'disable_pass2': False, 'pass2_rule': '80-80-80', 'no_library': False, 'no_reverse': False, 'no_cleanup': False, 'p2_identity': 80.0, 'p2_coverage': 80.0, 'p2_length': 80.0}
2021-04-03 12:20:17,932 -INFO- checking dependencies:
2021-04-03 12:20:17,940 -INFO- hmmer	3.3.1	OK
2021-04-03 12:20:17,990 -INFO- blastn	2.10.0+	OK
2021-04-03 12:20:17,993 -INFO- check database rexdb
2021-04-03 12:20:17,993 -INFO- db path: /mnt/ufs18/home-115/teresisc/anaconda3/envs/EDTA/lib/python3.6/site-packages/TEsorter/database
2021-04-03 12:20:17,993 -INFO- db file: REXdb_protein_database_viridiplantae_v3.0_plus_metazoa_v3.hmm
2021-04-03 12:20:17,994 -INFO- REXdb_protein_database_viridiplantae_v3.0_plus_metazoa_v3.hmm	OK
2021-04-03 12:20:17,994 -INFO- Start classifying pipeline
2021-04-03 12:20:18,550 -INFO- total 74764 sequences
2021-04-03 12:20:18,551 -INFO- translating `vcae1.4.cds.fa.code` in six frames
/mnt/home/teresisc/anaconda3/envs/EDTA/lib/python3.6/site-packages/Bio/Seq.py:2338: BiopythonWarning: Partial codon, len(sequence) not a multiple of three. Explicitly trim the sequence or add trailing N before translation. This may become an error in future.
  BiopythonWarning,
2021-04-03 12:21:55,086 -INFO- HMM scanning against `/mnt/ufs18/home-115/teresisc/anaconda3/envs/EDTA/lib/python3.6/site-packages/TEsorter/database/REXdb_protein_database_viridiplantae_v3.0_plus_metazoa_v3.hmm`
2021-04-03 12:21:58,906 -INFO- Creating server instance (pp-1.6.4.4)
2021-04-03 12:21:58,907 -INFO- Running on Python 3.6.12 linux
2021-04-03 12:22:00,103 -INFO- pp local server started with 20 workers
2021-04-03 12:22:00,122 -INFO- Task 0 started
2021-04-03 12:22:00,123 -INFO- Task 1 started
2021-04-03 12:22:00,123 -INFO- Task 2 started
2021-04-03 12:22:00,123 -INFO- Task 3 started
2021-04-03 12:22:00,124 -INFO- Task 4 started
2021-04-03 12:22:00,124 -INFO- Task 5 started
2021-04-03 12:22:00,124 -INFO- Task 6 started
2021-04-03 12:22:00,124 -INFO- Task 7 started
2021-04-03 12:22:00,124 -INFO- Task 8 started
2021-04-03 12:22:00,125 -INFO- Task 9 started
2021-04-03 12:22:00,125 -INFO- Task 10 started
2021-04-03 12:22:00,125 -INFO- Task 11 started
2021-04-03 12:22:00,125 -INFO- Task 12 started
2021-04-03 12:22:00,125 -INFO- Task 13 started
2021-04-03 12:22:00,126 -INFO- Task 14 started
2021-04-03 12:22:00,126 -INFO- Task 15 started
2021-04-03 12:22:00,126 -INFO- Task 16 started
2021-04-03 12:22:00,126 -INFO- Task 17 started
2021-04-03 12:22:00,127 -INFO- Task 18 started
2021-04-03 12:22:00,127 -INFO- Task 19 started
2021-04-03 13:08:03,675 -INFO- generating gene anntations
2021-04-03 13:08:08,780 -INFO- 2718 sequences classified by HMM
2021-04-03 13:08:08,781 -INFO- see protein domain sequences in `vcae1.4.cds.fa.code.rexdb.dom.faa` and annotation gff3 file in `vcae1.4.cds.fa.code.rexdb.dom.gff3`
2021-04-03 13:08:08,781 -INFO- classifying the unclassified sequences by searching against the classified ones
2021-04-03 13:08:11,015 -INFO- using the 80-80-80 rule
2021-04-03 13:08:11,016 -INFO- run CMD: `makeblastdb -in ./tmp/pass1_classified.fa -dbtype nucl`
2021-04-03 13:08:11,298 -INFO- run CMD: `blastn -query ./tmp/pass1_unclassified.fa -db ./tmp/pass1_classified.fa -out ./tmp/pass1_unclassified.fa.blastout -outfmt '6 qseqid sseqid pident length mismatch gapopen qstart qend sstart send evalue bitscore qlen slen qcovs qcovhsp sstrand' -num_threads 20`
2021-04-03 13:08:27,033 -INFO- 367 sequences classified in pass 2
2021-04-03 13:08:27,038 -INFO- total 3085 sequences classified.
2021-04-03 13:08:27,038 -INFO- see classified sequences in `vcae1.4.cds.fa.code.rexdb.cls.tsv`
2021-04-03 13:08:27,038 -INFO- writing library for RepeatMasker in `vcae1.4.cds.fa.code.rexdb.cls.lib`
2021-04-03 13:08:28,704 -INFO- writing classified protein domains in `vcae1.4.cds.fa.code.rexdb.cls.pep`
2021-04-03 13:08:28,788 -INFO- Summary of classifications:
Order           Superfamily      # of Sequences# of Clade Sequences    # of Clades# of full Domains
LTR             Bel-Pao                       2              0              0              0
LTR             Copia                      1116            988             14             24
LTR             Gypsy                       440            393             15             16
LTR             Retrovirus                    5              0              0              0
LTR             mixture                       8              0              0              0
pararetrovirus  unknown                       9              0              0              0
Penelope        unknown                       2              0              0              0
LINE            unknown                     275              0              0              0
TIR             EnSpm_CACTA                   7              0              0              0
TIR             MuDR_Mutator                328              0              0              0
TIR             PIF_Harbinger               153              0              0              0
TIR             Tc1_Mariner                   4              0              0              0
TIR             hAT                         360              0              0              0
Helitron        unknown                      34              0              0              0
Maverick        unknown                     336              0              0              0
mixture         mixture                       6              0              0              0
2021-04-03 13:08:28,790 -INFO- Pipeline done.
2021-04-03 13:08:28,791 -INFO- cleaning the temporary directory ./tmp
				Remove CDS-related sequences in the EDTA library:

Sat Apr  3 14:31:42 EDT 2021	EDTA final stage finished! You may check out:
				The final EDTA TE library: Vce1.0.fasta.mod.EDTA.TElib.fa
Sat Apr  3 14:31:42 EDT 2021	Perform post-EDTA analysis for whole-genome annotation:

Sat Apr  3 14:31:42 EDT 2021	Homology-based annotation of TEs using Vce1.0.fasta.mod.EDTA.TElib.fa from scratch.

Sat Apr  3 20:09:17 EDT 2021	TE annotation using the EDTA library has finished! Check out:
				Whole-genome TE annotation (total TE: 45.29%): Vce1.0.fasta.mod.EDTA.TEanno.gff3
				Whole-genome TE annotation summary: Vce1.0.fasta.mod.EDTA.TEanno.sum
				Low-threshold TE masking for MAKER gene annotation (masked: 13.59%): Vce1.0.fasta.mod.MAKER.masked

